0 info it worked if it ends with ok
1 verbose cli [ '/opt/node-v5.10.1-linux-x64/bin/node',
1 verbose cli   '/usr/bin/npm',
1 verbose cli   'install',
1 verbose cli   '-g',
1 verbose cli   'mean-cli' ]
2 info using npm@3.8.3
3 info using node@v5.10.1
4 silly loadCurrentTree Starting
5 silly install loadCurrentTree
6 silly install readGlobalPackageData
7 silly fetchPackageMetaData mean-cli
8 silly fetchNamedPackageData mean-cli
9 silly mapToRegistry name mean-cli
10 silly mapToRegistry using default registry
11 silly mapToRegistry registry https://registry.npmjs.org/
12 silly mapToRegistry data Result {
12 silly mapToRegistry   raw: 'mean-cli',
12 silly mapToRegistry   scope: null,
12 silly mapToRegistry   name: 'mean-cli',
12 silly mapToRegistry   rawSpec: '',
12 silly mapToRegistry   spec: 'latest',
12 silly mapToRegistry   type: 'tag' }
13 silly mapToRegistry uri https://registry.npmjs.org/mean-cli
14 verbose request uri https://registry.npmjs.org/mean-cli
15 verbose request no auth needed
16 info attempt registry request try #1 at 16:59:44
17 verbose request id 9b0fbc6d2ff513c4
18 http request GET https://registry.npmjs.org/mean-cli
19 info retry will retry, error on last attempt: Error: getaddrinfo EAI_AGAIN registry.npmjs.org:443
20 info attempt registry request try #2 at 16:59:54
21 http request GET https://registry.npmjs.org/mean-cli
22 info retry will retry, error on last attempt: Error: getaddrinfo EAI_AGAIN registry.npmjs.org:443
23 info attempt registry request try #3 at 17:00:54
24 http request GET https://registry.npmjs.org/mean-cli
25 silly fetchPackageMetaData Error: getaddrinfo EAI_AGAIN registry.npmjs.org:443
25 silly fetchPackageMetaData     at Object.exports._errnoException (util.js:890:11)
25 silly fetchPackageMetaData     at errnoException (dns.js:31:15)
25 silly fetchPackageMetaData     at GetAddrInfoReqWrap.onlookup [as oncomplete] (dns.js:77:26)
25 silly fetchPackageMetaData  error for mean-cli { [Error: getaddrinfo EAI_AGAIN registry.npmjs.org:443]
25 silly fetchPackageMetaData   code: 'EAI_AGAIN',
25 silly fetchPackageMetaData   errno: 'EAI_AGAIN',
25 silly fetchPackageMetaData   syscall: 'getaddrinfo',
25 silly fetchPackageMetaData   hostname: 'registry.npmjs.org',
25 silly fetchPackageMetaData   host: 'registry.npmjs.org',
25 silly fetchPackageMetaData   port: 443 }
26 silly rollbackFailedOptional Starting
27 silly rollbackFailedOptional Finishing
28 silly runTopLevelLifecycles Starting
29 silly runTopLevelLifecycles Finishing
30 silly install printInstalled
31 verbose stack Error: getaddrinfo EAI_AGAIN registry.npmjs.org:443
31 verbose stack     at Object.exports._errnoException (util.js:890:11)
31 verbose stack     at errnoException (dns.js:31:15)
31 verbose stack     at GetAddrInfoReqWrap.onlookup [as oncomplete] (dns.js:77:26)
32 verbose cwd /home/ricardo/Documentos/FAC/UML/Projet/tamagogo/mean
33 error Linux 3.19.0-56-generic
34 error argv "/opt/node-v5.10.1-linux-x64/bin/node" "/usr/bin/npm" "install" "-g" "mean-cli"
35 error node v5.10.1
36 error npm  v3.8.3
37 error code EAI_AGAIN
38 error errno EAI_AGAIN
39 error syscall getaddrinfo
40 error getaddrinfo EAI_AGAIN registry.npmjs.org:443
41 error If you need help, you may report this error at:
41 error     <https://github.com/npm/npm/issues>
42 verbose exit [ 1, true ]
